d:\programming\c++\gameproject\project\source\bin\intermediate\debugwin32\vc140.pdb
d:\programming\c++\gameproject\project\source\bin\intermediate\debugwin32\vc140.idb
d:\programming\c++\gameproject\project\source\bin\intermediate\debugwin32\thpc_game.obj
d:\programming\c++\gameproject\project\source\bin\intermediate\debugwin32\thpc_input.obj
d:\programming\c++\gameproject\project\source\bin\intermediate\debugwin32\thpc_maths.obj
d:\programming\c++\gameproject\project\source\bin\intermediate\debugwin32\thpc_net.obj
d:\programming\c++\gameproject\project\source\bin\intermediate\debugwin32\thpc_platform.obj
d:\programming\c++\gameproject\project\source\bin\intermediate\debugwin32\thpc_player.obj
d:\programming\c++\gameproject\project\source\bin\intermediate\debugwin32\thpc_time.obj
d:\programming\c++\gameproject\project\source\bin\intermediate\debugwin32\_sfml_thpc.obj
d:\programming\c++\gameproject\project\source\bin\intermediate\debugwin32\thpc_debug.obj
d:\programming\c++\gameproject\project\source\bin\debugwin32\project_debug_win32.ilk
d:\programming\c++\gameproject\project\source\bin\debugwin32\project_debug_win32.exe
d:\programming\c++\gameproject\project\source\bin\debugwin32\project_debug_win32.pdb
d:\documents\programming\c++\gameproject\project\source\bin\intermediate\debugwin32\thpc_debug.obj
d:\documents\programming\c++\gameproject\project\source\bin\intermediate\debugwin32\thpc_game.obj
d:\documents\programming\c++\gameproject\project\source\bin\intermediate\debugwin32\thpc_input.obj
d:\documents\programming\c++\gameproject\project\source\bin\intermediate\debugwin32\thpc_maths.obj
d:\documents\programming\c++\gameproject\project\source\bin\intermediate\debugwin32\thpc_net.obj
d:\documents\programming\c++\gameproject\project\source\bin\intermediate\debugwin32\thpc_platform.obj
d:\documents\programming\c++\gameproject\project\source\bin\intermediate\debugwin32\thpc_player.obj
d:\documents\programming\c++\gameproject\project\source\bin\intermediate\debugwin32\thpc_time.obj
d:\documents\programming\c++\gameproject\project\source\bin\intermediate\debugwin32\_sfml_thpc.obj
d:\documents\programming\c++\gameproject\project\source\bin\intermediate\debugwin32\vc140.idb
d:\documents\programming\c++\gameproject\project\source\bin\intermediate\debugwin32\vc140.pdb
d:\documents\programming\c++\gameproject\project\source\bin\debugwin32\project_debug_win32.pdb
d:\documents\programming\c++\gameproject\project\source\bin\debugwin32\project_debug_win32.exe
d:\documents\programming\c++\gameproject\project\source\bin\debugwin32\project_debug_win32.ilk
d:\documents\programming\c++\gameproject\project\source\bin\intermediate\debugwin32\project.tlog\cl.command.1.tlog
d:\documents\programming\c++\gameproject\project\source\bin\intermediate\debugwin32\project.tlog\cl.read.1.tlog
d:\documents\programming\c++\gameproject\project\source\bin\intermediate\debugwin32\project.tlog\cl.write.1.tlog
d:\documents\programming\c++\gameproject\project\source\bin\intermediate\debugwin32\project.tlog\link.command.1.tlog
d:\documents\programming\c++\gameproject\project\source\bin\intermediate\debugwin32\project.tlog\link.read.1.tlog
d:\documents\programming\c++\gameproject\project\source\bin\intermediate\debugwin32\project.tlog\link.write.1.tlog
